1756265561.429927 client started (40569): version 3.5a, socket /private/tmp/tmux-501/default, protocol 8
1756265561.430005 on Darwin 24.5.0 Darwin Kernel Version 24.5.0: Tue Apr 22 19:54:43 PDT 2025; root:xnu-11417.121.6~2/RELEASE_ARM64_T8132
1756265561.430024 using libevent 2.1.12-stable select
1756265561.430060 using utf8proc 2.10.0
1756265561.430068 using ncurses 6.5 20240427
1756265561.430086 flags are 0x10010000
1756265561.430095 socket is /private/tmp/tmux-501/default
1756265561.430114 trying connect
1756265561.430174 add peer 0x128048000: 6 (0x0)
1756265561.432006 sending message 111 to peer 0x128048000 (8 bytes)
1756265561.432043 sending message 111 to peer 0x128048000 (8 bytes)
1756265561.432050 sending message 101 to peer 0x128048000 (14 bytes)
1756265561.432057 sending message 109 to peer 0x128048000 (4 bytes)
1756265561.432063 sending message 102 to peer 0x128048000 (13 bytes)
1756265561.432069 sending message 108 to peer 0x128048000 (24 bytes)
1756265561.432075 sending message 112 to peer 0x128048000 (70 bytes)
1756265561.432081 sending message 112 to peer 0x128048000 (5 bytes)
1756265561.432086 sending message 112 to peer 0x128048000 (5 bytes)
1756265561.432091 sending message 112 to peer 0x128048000 (6 bytes)
1756265561.432096 sending message 112 to peer 0x128048000 (6 bytes)
1756265561.432102 sending message 112 to peer 0x128048000 (11 bytes)
1756265561.432107 sending message 112 to peer 0x128048000 (10 bytes)
1756265561.432112 sending message 112 to peer 0x128048000 (13 bytes)
1756265561.432117 sending message 112 to peer 0x128048000 (13 bytes)
1756265561.432122 sending message 112 to peer 0x128048000 (18 bytes)
1756265561.432126 sending message 112 to peer 0x128048000 (11 bytes)
1756265561.432132 sending message 112 to peer 0x128048000 (10 bytes)
1756265561.432137 sending message 112 to peer 0x128048000 (15 bytes)
1756265561.432142 sending message 112 to peer 0x128048000 (21 bytes)
1756265561.432148 sending message 112 to peer 0x128048000 (13 bytes)
1756265561.432152 sending message 112 to peer 0x128048000 (7 bytes)
1756265561.432157 sending message 112 to peer 0x128048000 (13 bytes)
1756265561.432162 sending message 112 to peer 0x128048000 (7 bytes)
1756265561.432168 sending message 112 to peer 0x128048000 (13 bytes)
1756265561.432172 sending message 112 to peer 0x128048000 (9 bytes)
1756265561.432178 sending message 112 to peer 0x128048000 (21 bytes)
1756265561.432183 sending message 112 to peer 0x128048000 (13 bytes)
1756265561.432189 sending message 112 to peer 0x128048000 (8 bytes)
1756265561.432194 sending message 112 to peer 0x128048000 (12 bytes)
1756265561.432199 sending message 112 to peer 0x128048000 (13 bytes)
1756265561.432204 sending message 112 to peer 0x128048000 (9 bytes)
1756265561.432210 sending message 112 to peer 0x128048000 (9 bytes)
1756265561.432216 sending message 112 to peer 0x128048000 (12 bytes)
1756265561.432220 sending message 112 to peer 0x128048000 (8 bytes)
1756265561.432226 sending message 112 to peer 0x128048000 (8 bytes)
1756265561.432232 sending message 112 to peer 0x128048000 (7 bytes)
1756265561.432237 sending message 112 to peer 0x128048000 (7 bytes)
1756265561.432242 sending message 112 to peer 0x128048000 (9 bytes)
1756265561.432248 sending message 112 to peer 0x128048000 (13 bytes)
1756265561.432252 sending message 112 to peer 0x128048000 (6 bytes)
1756265561.432258 sending message 112 to peer 0x128048000 (9 bytes)
1756265561.432263 sending message 112 to peer 0x128048000 (15 bytes)
1756265561.432269 sending message 112 to peer 0x128048000 (13 bytes)
1756265561.432273 sending message 112 to peer 0x128048000 (12 bytes)
1756265561.432278 sending message 112 to peer 0x128048000 (8 bytes)
1756265561.432283 sending message 112 to peer 0x128048000 (14 bytes)
1756265561.432288 sending message 112 to peer 0x128048000 (11 bytes)
1756265561.432293 sending message 112 to peer 0x128048000 (9 bytes)
1756265561.432298 sending message 112 to peer 0x128048000 (10 bytes)
1756265561.432303 sending message 112 to peer 0x128048000 (10 bytes)
1756265561.432308 sending message 112 to peer 0x128048000 (10 bytes)
1756265561.432326 sending message 112 to peer 0x128048000 (10 bytes)
1756265561.432330 sending message 112 to peer 0x128048000 (11 bytes)
1756265561.432334 sending message 112 to peer 0x128048000 (12 bytes)
1756265561.432338 sending message 112 to peer 0x128048000 (12 bytes)
1756265561.432342 sending message 112 to peer 0x128048000 (12 bytes)
1756265561.432345 sending message 112 to peer 0x128048000 (12 bytes)
1756265561.432349 sending message 112 to peer 0x128048000 (12 bytes)
1756265561.432353 sending message 112 to peer 0x128048000 (11 bytes)
1756265561.432357 sending message 112 to peer 0x128048000 (11 bytes)
1756265561.432360 sending message 112 to peer 0x128048000 (12 bytes)
1756265561.432364 sending message 112 to peer 0x128048000 (12 bytes)
1756265561.432367 sending message 112 to peer 0x128048000 (12 bytes)
1756265561.432371 sending message 112 to peer 0x128048000 (12 bytes)
1756265561.432374 sending message 112 to peer 0x128048000 (12 bytes)
1756265561.432378 sending message 112 to peer 0x128048000 (10 bytes)
1756265561.432382 sending message 112 to peer 0x128048000 (12 bytes)
1756265561.432385 sending message 112 to peer 0x128048000 (13 bytes)
1756265561.432389 sending message 112 to peer 0x128048000 (13 bytes)
1756265561.432392 sending message 112 to peer 0x128048000 (13 bytes)
1756265561.432396 sending message 112 to peer 0x128048000 (13 bytes)
1756265561.432400 sending message 112 to peer 0x128048000 (13 bytes)
1756265561.432403 sending message 112 to peer 0x128048000 (8 bytes)
1756265561.432407 sending message 112 to peer 0x128048000 (11 bytes)
1756265561.432410 sending message 112 to peer 0x128048000 (11 bytes)
1756265561.432414 sending message 112 to peer 0x128048000 (11 bytes)
1756265561.432417 sending message 112 to peer 0x128048000 (12 bytes)
1756265561.432421 sending message 112 to peer 0x128048000 (12 bytes)
1756265561.432424 sending message 112 to peer 0x128048000 (12 bytes)
1756265561.432428 sending message 112 to peer 0x128048000 (12 bytes)
1756265561.432432 sending message 112 to peer 0x128048000 (13 bytes)
1756265561.432435 sending message 112 to peer 0x128048000 (13 bytes)
1756265561.432439 sending message 112 to peer 0x128048000 (13 bytes)
1756265561.432443 sending message 112 to peer 0x128048000 (8 bytes)
1756265561.432446 sending message 112 to peer 0x128048000 (13 bytes)
1756265561.432450 sending message 112 to peer 0x128048000 (13 bytes)
1756265561.432453 sending message 112 to peer 0x128048000 (13 bytes)
1756265561.432457 sending message 112 to peer 0x128048000 (13 bytes)
1756265561.432460 sending message 112 to peer 0x128048000 (13 bytes)
1756265561.432464 sending message 112 to peer 0x128048000 (12 bytes)
1756265561.432468 sending message 112 to peer 0x128048000 (12 bytes)
1756265561.432471 sending message 112 to peer 0x128048000 (12 bytes)
1756265561.432475 sending message 112 to peer 0x128048000 (12 bytes)
1756265561.432478 sending message 112 to peer 0x128048000 (13 bytes)
1756265561.432482 sending message 112 to peer 0x128048000 (8 bytes)
1756265561.432485 sending message 112 to peer 0x128048000 (13 bytes)
1756265561.432489 sending message 112 to peer 0x128048000 (13 bytes)
1756265561.432493 sending message 112 to peer 0x128048000 (13 bytes)
1756265561.432496 sending message 112 to peer 0x128048000 (13 bytes)
1756265561.432500 sending message 112 to peer 0x128048000 (13 bytes)
1756265561.432503 sending message 112 to peer 0x128048000 (13 bytes)
1756265561.432507 sending message 112 to peer 0x128048000 (13 bytes)
1756265561.432510 sending message 112 to peer 0x128048000 (12 bytes)
1756265561.432514 sending message 112 to peer 0x128048000 (12 bytes)
1756265561.432518 sending message 112 to peer 0x128048000 (12 bytes)
1756265561.432521 sending message 112 to peer 0x128048000 (8 bytes)
1756265561.432525 sending message 112 to peer 0x128048000 (12 bytes)
1756265561.432529 sending message 112 to peer 0x128048000 (13 bytes)
1756265561.432532 sending message 112 to peer 0x128048000 (13 bytes)
1756265561.432536 sending message 112 to peer 0x128048000 (13 bytes)
1756265561.432546 sending message 112 to peer 0x128048000 (13 bytes)
1756265561.432550 sending message 112 to peer 0x128048000 (13 bytes)
1756265561.432553 sending message 112 to peer 0x128048000 (13 bytes)
1756265561.432557 sending message 112 to peer 0x128048000 (13 bytes)
1756265561.432562 sending message 112 to peer 0x128048000 (13 bytes)
1756265561.432565 sending message 112 to peer 0x128048000 (12 bytes)
1756265561.432569 sending message 112 to peer 0x128048000 (10 bytes)
1756265561.432573 sending message 112 to peer 0x128048000 (12 bytes)
1756265561.432576 sending message 112 to peer 0x128048000 (12 bytes)
1756265561.432580 sending message 112 to peer 0x128048000 (12 bytes)
1756265561.432583 sending message 112 to peer 0x128048000 (13 bytes)
1756265561.432587 sending message 112 to peer 0x128048000 (13 bytes)
1756265561.432591 sending message 112 to peer 0x128048000 (13 bytes)
1756265561.432594 sending message 112 to peer 0x128048000 (13 bytes)
1756265561.432598 sending message 112 to peer 0x128048000 (13 bytes)
1756265561.432601 sending message 112 to peer 0x128048000 (13 bytes)
1756265561.432605 sending message 112 to peer 0x128048000 (13 bytes)
1756265561.432608 sending message 112 to peer 0x128048000 (10 bytes)
1756265561.432612 sending message 112 to peer 0x128048000 (13 bytes)
1756265561.432616 sending message 112 to peer 0x128048000 (12 bytes)
1756265561.432619 sending message 112 to peer 0x128048000 (12 bytes)
1756265561.432623 sending message 112 to peer 0x128048000 (12 bytes)
1756265561.432627 sending message 112 to peer 0x128048000 (10 bytes)
1756265561.432630 sending message 112 to peer 0x128048000 (10 bytes)
1756265561.432634 sending message 112 to peer 0x128048000 (10 bytes)
1756265561.432638 sending message 112 to peer 0x128048000 (12 bytes)
1756265561.432641 sending message 112 to peer 0x128048000 (13 bytes)
1756265561.432645 sending message 112 to peer 0x128048000 (13 bytes)
1756265561.432648 sending message 112 to peer 0x128048000 (13 bytes)
1756265561.432652 sending message 112 to peer 0x128048000 (13 bytes)
1756265561.432655 sending message 112 to peer 0x128048000 (13 bytes)
1756265561.432659 sending message 112 to peer 0x128048000 (11 bytes)
1756265561.432662 sending message 112 to peer 0x128048000 (11 bytes)
1756265561.432666 sending message 112 to peer 0x128048000 (12 bytes)
1756265561.432670 sending message 112 to peer 0x128048000 (12 bytes)
1756265561.432674 sending message 112 to peer 0x128048000 (12 bytes)
1756265561.432678 sending message 112 to peer 0x128048000 (12 bytes)
1756265561.432681 sending message 112 to peer 0x128048000 (12 bytes)
1756265561.432685 sending message 112 to peer 0x128048000 (11 bytes)
1756265561.432688 sending message 112 to peer 0x128048000 (12 bytes)
1756265561.432692 sending message 112 to peer 0x128048000 (12 bytes)
1756265561.432696 sending message 112 to peer 0x128048000 (13 bytes)
1756265561.432699 sending message 112 to peer 0x128048000 (13 bytes)
1756265561.432703 sending message 112 to peer 0x128048000 (13 bytes)
1756265561.432706 sending message 112 to peer 0x128048000 (13 bytes)
1756265561.432710 sending message 112 to peer 0x128048000 (13 bytes)
1756265561.432713 sending message 112 to peer 0x128048000 (10 bytes)
1756265561.432717 sending message 112 to peer 0x128048000 (9 bytes)
1756265561.432721 sending message 112 to peer 0x128048000 (12 bytes)
1756265561.432724 sending message 112 to peer 0x128048000 (13 bytes)
1756265561.432728 sending message 112 to peer 0x128048000 (13 bytes)
1756265561.432731 sending message 112 to peer 0x128048000 (13 bytes)
1756265561.432735 sending message 112 to peer 0x128048000 (13 bytes)
1756265561.432738 sending message 112 to peer 0x128048000 (13 bytes)
1756265561.432742 sending message 112 to peer 0x128048000 (9 bytes)
1756265561.432746 sending message 112 to peer 0x128048000 (12 bytes)
1756265561.432749 sending message 112 to peer 0x128048000 (13 bytes)
1756265561.432753 sending message 112 to peer 0x128048000 (13 bytes)
1756265561.432756 sending message 112 to peer 0x128048000 (13 bytes)
1756265561.432760 sending message 112 to peer 0x128048000 (13 bytes)
1756265561.432768 sending message 112 to peer 0x128048000 (13 bytes)
1756265561.432772 sending message 112 to peer 0x128048000 (11 bytes)
1756265561.432776 sending message 112 to peer 0x128048000 (12 bytes)
1756265561.432779 sending message 112 to peer 0x128048000 (13 bytes)
1756265561.432783 sending message 112 to peer 0x128048000 (13 bytes)
1756265561.432787 sending message 112 to peer 0x128048000 (13 bytes)
1756265561.432790 sending message 112 to peer 0x128048000 (13 bytes)
1756265561.432794 sending message 112 to peer 0x128048000 (13 bytes)
1756265561.432797 sending message 112 to peer 0x128048000 (11 bytes)
1756265561.432801 sending message 112 to peer 0x128048000 (12 bytes)
1756265561.432805 sending message 112 to peer 0x128048000 (12 bytes)
1756265561.432808 sending message 112 to peer 0x128048000 (12 bytes)
1756265561.432812 sending message 112 to peer 0x128048000 (12 bytes)
1756265561.432815 sending message 112 to peer 0x128048000 (12 bytes)
1756265561.432819 sending message 112 to peer 0x128048000 (21 bytes)
1756265561.432822 sending message 112 to peer 0x128048000 (12 bytes)
1756265561.432826 sending message 112 to peer 0x128048000 (9 bytes)
1756265561.432829 sending message 112 to peer 0x128048000 (6 bytes)
1756265561.432833 sending message 112 to peer 0x128048000 (13 bytes)
1756265561.432837 sending message 112 to peer 0x128048000 (8 bytes)
1756265561.432840 sending message 112 to peer 0x128048000 (15 bytes)
1756265561.432844 sending message 112 to peer 0x128048000 (13 bytes)
1756265561.432847 sending message 112 to peer 0x128048000 (9 bytes)
1756265561.432851 sending message 112 to peer 0x128048000 (70 bytes)
1756265561.432855 sending message 112 to peer 0x128048000 (69 bytes)
1756265561.432858 sending message 112 to peer 0x128048000 (10 bytes)
1756265561.432862 sending message 112 to peer 0x128048000 (10 bytes)
1756265561.432865 sending message 112 to peer 0x128048000 (8 bytes)
1756265561.432869 sending message 112 to peer 0x128048000 (15 bytes)
1756265561.432872 sending message 112 to peer 0x128048000 (13 bytes)
1756265561.432876 sending message 112 to peer 0x128048000 (10 bytes)
1756265561.432880 sending message 112 to peer 0x128048000 (10 bytes)
1756265561.432884 sending message 112 to peer 0x128048000 (17 bytes)
1756265561.432887 sending message 112 to peer 0x128048000 (10 bytes)
1756265561.432891 sending message 112 to peer 0x128048000 (13 bytes)
1756265561.432894 sending message 112 to peer 0x128048000 (9 bytes)
1756265561.432898 sending message 112 to peer 0x128048000 (5 bytes)
1756265561.432901 sending message 112 to peer 0x128048000 (15 bytes)
1756265561.432908 sending message 104 to peer 0x128048000 (0 bytes)
1756265561.432912 sending message 110 to peer 0x128048000 (0 bytes)
1756265561.432916 sending message 107 to peer 0x128048000 (4 bytes)
1756265561.432919 sending message 105 to peer 0x128048000 (20 bytes)
1756265561.432923 sending message 105 to peer 0x128048000 (22 bytes)
1756265561.432927 sending message 105 to peer 0x128048000 (12 bytes)
1756265561.432930 sending message 105 to peer 0x128048000 (57 bytes)
1756265561.432935 sending message 105 to peer 0x128048000 (75 bytes)
1756265561.432939 sending message 105 to peer 0x128048000 (36 bytes)
1756265561.432942 sending message 105 to peer 0x128048000 (16 bytes)
1756265561.432946 sending message 105 to peer 0x128048000 (37 bytes)
1756265561.432950 sending message 105 to peer 0x128048000 (30 bytes)
1756265561.432953 sending message 105 to peer 0x128048000 (34 bytes)
1756265561.432957 sending message 105 to peer 0x128048000 (60 bytes)
1756265561.432960 sending message 105 to peer 0x128048000 (17 bytes)
1756265561.432964 sending message 105 to peer 0x128048000 (8 bytes)
1756265561.432967 sending message 105 to peer 0x128048000 (12 bytes)
1756265561.432971 sending message 105 to peer 0x128048000 (32 bytes)
1756265561.432975 sending message 105 to peer 0x128048000 (96 bytes)
1756265561.432978 sending message 105 to peer 0x128048000 (202 bytes)
1756265561.432982 sending message 105 to peer 0x128048000 (58 bytes)
1756265561.432995 sending message 105 to peer 0x128048000 (50 bytes)
1756265561.432999 sending message 105 to peer 0x128048000 (16 bytes)
1756265561.433004 sending message 105 to peer 0x128048000 (24 bytes)
1756265561.433008 sending message 105 to peer 0x128048000 (59 bytes)
1756265561.433012 sending message 105 to peer 0x128048000 (31 bytes)
1756265561.433015 sending message 105 to peer 0x128048000 (12 bytes)
1756265561.433019 sending message 105 to peer 0x128048000 (11 bytes)
1756265561.433023 sending message 105 to peer 0x128048000 (690 bytes)
1756265561.433026 sending message 105 to peer 0x128048000 (28 bytes)
1756265561.433030 sending message 105 to peer 0x128048000 (15 bytes)
1756265561.433034 sending message 105 to peer 0x128048000 (8 bytes)
1756265561.433037 sending message 105 to peer 0x128048000 (66 bytes)
1756265561.433041 sending message 105 to peer 0x128048000 (19 bytes)
1756265561.433052 sending message 105 to peer 0x128048000 (63 bytes)
1756265561.433058 sending message 105 to peer 0x128048000 (18 bytes)
1756265561.433062 sending message 105 to peer 0x128048000 (26 bytes)
1756265561.433065 sending message 105 to peer 0x128048000 (57 bytes)
1756265561.433069 sending message 105 to peer 0x128048000 (43 bytes)
1756265561.433073 sending message 105 to peer 0x128048000 (13 bytes)
1756265561.433076 sending message 105 to peer 0x128048000 (58 bytes)
1756265561.433080 sending message 105 to peer 0x128048000 (9 bytes)
1756265561.433083 sending message 105 to peer 0x128048000 (98 bytes)
1756265561.433087 sending message 105 to peer 0x128048000 (14 bytes)
1756265561.433092 sending message 105 to peer 0x128048000 (19 bytes)
1756265561.433096 sending message 105 to peer 0x128048000 (26 bytes)
1756265561.433100 sending message 105 to peer 0x128048000 (26 bytes)
1756265561.433104 sending message 105 to peer 0x128048000 (22 bytes)
1756265561.433108 sending message 105 to peer 0x128048000 (43 bytes)
1756265561.433111 sending message 105 to peer 0x128048000 (32 bytes)
1756265561.433115 sending message 105 to peer 0x128048000 (10 bytes)
1756265561.433118 sending message 105 to peer 0x128048000 (25 bytes)
1756265561.433122 sending message 106 to peer 0x128048000 (0 bytes)
1756265561.433198 sending message 200 to peer 0x128048000 (4 bytes)
1756265561.433206 client loop enter
1756265561.433423 peer 0x128048000 message 303
1756265561.433445 open write file 2 -
1756265561.433489 sending message 305 to peer 0x128048000 (8 bytes)
1756265561.433506 write check file 2
1756265561.433536 peer 0x128048000 message 304
1756265561.433542 write 58 to file 2
1756265561.433548 peer 0x128048000 message 203
1756265561.433553 file 2 58 bytes left
1756265561.433567 write check file 2
1756265561.433572 client loop exit
